{"/Users/ITJG2/Documents/workspace/test/next-and-express/components/conditions/card.js": {"path":"/Users/ITJG2/Documents/workspace/test/next-and-express/components/conditions/card.js","statementMap":{"0":{"start":{"line":10,"column":4},"end":{"line":10,"column":31}},"1":{"start":{"line":10,"column":18},"end":{"line":10,"column":31}},"2":{"start":{"line":11,"column":29},"end":{"line":11,"column":44}},"3":{"start":{"line":13,"column":21},"end":{"line":15,"column":5}},"4":{"start":{"line":14,"column":8},"end":{"line":14,"column":103}},"5":{"start":{"line":14,"column":46},"end":{"line":14,"column":70}},"6":{"start":{"line":14,"column":71},"end":{"line":14,"column":97}},"7":{"start":{"line":16,"column":24},"end":{"line":19,"column":5}},"8":{"start":{"line":17,"column":8},"end":{"line":17,"column":28}},"9":{"start":{"line":17,"column":16},"end":{"line":17,"column":28}},"10":{"start":{"line":18,"column":8},"end":{"line":18,"column":102}},"11":{"start":{"line":18,"column":61},"end":{"line":18,"column":76}},"12":{"start":{"line":20,"column":26},"end":{"line":20,"column":49}},"13":{"start":{"line":21,"column":23},"end":{"line":21,"column":51}},"14":{"start":{"line":22,"column":4},"end":{"line":29,"column":5}},"15":{"start":{"line":32,"column":14},"end":{"line":34,"column":1}},"16":{"start":{"line":35,"column":12},"end":{"line":41,"column":1}},"17":{"start":{"line":42,"column":11},"end":{"line":46,"column":1}},"18":{"start":{"line":47,"column":16},"end":{"line":53,"column":1}},"19":{"start":{"line":49,"column":28},"end":{"line":49,"column":81}},"20":{"start":{"line":50,"column":25},"end":{"line":50,"column":77}},"21":{"start":{"line":51,"column":30},"end":{"line":51,"column":85}},"22":{"start":{"line":55,"column":17},"end":{"line":60,"column":1}},"23":{"start":{"line":63,"column":0},"end":{"line":65,"column":2}},"24":{"start":{"line":67,"column":0},"end":{"line":69,"column":2}}},"fnMap":{"0":{"name":"Card","decl":{"start":{"line":9,"column":9},"end":{"line":9,"column":13}},"loc":{"start":{"line":9,"column":27},"end":{"line":30,"column":1}},"line":9},"1":{"name":"(anonymous_1)","decl":{"start":{"line":13,"column":21},"end":{"line":13,"column":22}},"loc":{"start":{"line":13,"column":28},"end":{"line":15,"column":5}},"line":13},"2":{"name":"(anonymous_2)","decl":{"start":{"line":14,"column":37},"end":{"line":14,"column":38}},"loc":{"start":{"line":14,"column":44},"end":{"line":14,"column":99}},"line":14},"3":{"name":"(anonymous_3)","decl":{"start":{"line":16,"column":24},"end":{"line":16,"column":25}},"loc":{"start":{"line":16,"column":31},"end":{"line":19,"column":5}},"line":16},"4":{"name":"(anonymous_4)","decl":{"start":{"line":18,"column":55},"end":{"line":18,"column":56}},"loc":{"start":{"line":18,"column":61},"end":{"line":18,"column":76}},"line":18},"5":{"name":"(anonymous_5)","decl":{"start":{"line":49,"column":19},"end":{"line":49,"column":20}},"loc":{"start":{"line":49,"column":28},"end":{"line":49,"column":81}},"line":49},"6":{"name":"(anonymous_6)","decl":{"start":{"line":50,"column":16},"end":{"line":50,"column":17}},"loc":{"start":{"line":50,"column":25},"end":{"line":50,"column":77}},"line":50},"7":{"name":"(anonymous_7)","decl":{"start":{"line":51,"column":21},"end":{"line":51,"column":22}},"loc":{"start":{"line":51,"column":30},"end":{"line":51,"column":85}},"line":51}},"branchMap":{"0":{"loc":{"start":{"line":10,"column":4},"end":{"line":10,"column":31}},"type":"if","locations":[{"start":{"line":10,"column":4},"end":{"line":10,"column":31}},{"start":{"line":10,"column":4},"end":{"line":10,"column":31}}],"line":10},"1":{"loc":{"start":{"line":17,"column":8},"end":{"line":17,"column":28}},"type":"if","locations":[{"start":{"line":17,"column":8},"end":{"line":17,"column":28}},{"start":{"line":17,"column":8},"end":{"line":17,"column":28}}],"line":17},"2":{"loc":{"start":{"line":20,"column":26},"end":{"line":20,"column":49}},"type":"cond-expr","locations":[{"start":{"line":20,"column":33},"end":{"line":20,"column":39}},{"start":{"line":20,"column":42},"end":{"line":20,"column":49}}],"line":20},"3":{"loc":{"start":{"line":21,"column":23},"end":{"line":21,"column":51}},"type":"cond-expr","locations":[{"start":{"line":21,"column":30},"end":{"line":21,"column":35}},{"start":{"line":21,"column":38},"end":{"line":21,"column":51}}],"line":21},"4":{"loc":{"start":{"line":24,"column":22},"end":{"line":24,"column":50}},"type":"binary-expr","locations":[{"start":{"line":24,"column":22},"end":{"line":24,"column":35}},{"start":{"line":24,"column":39},"end":{"line":24,"column":50}}],"line":24},"5":{"loc":{"start":{"line":25,"column":17},"end":{"line":25,"column":36}},"type":"binary-expr","locations":[{"start":{"line":25,"column":17},"end":{"line":25,"column":30}},{"start":{"line":25,"column":34},"end":{"line":25,"column":36}}],"line":25},"6":{"loc":{"start":{"line":26,"column":61},"end":{"line":26,"column":82}},"type":"binary-expr","locations":[{"start":{"line":26,"column":61},"end":{"line":26,"column":76}},{"start":{"line":26,"column":80},"end":{"line":26,"column":82}}],"line":26},"7":{"loc":{"start":{"line":49,"column":28},"end":{"line":49,"column":81}},"type":"cond-expr","locations":[{"start":{"line":49,"column":63},"end":{"line":49,"column":70}},{"start":{"line":49,"column":73},"end":{"line":49,"column":81}}],"line":49},"8":{"loc":{"start":{"line":50,"column":25},"end":{"line":50,"column":77}},"type":"cond-expr","locations":[{"start":{"line":50,"column":60},"end":{"line":50,"column":66}},{"start":{"line":50,"column":69},"end":{"line":50,"column":77}}],"line":50},"9":{"loc":{"start":{"line":51,"column":30},"end":{"line":51,"column":85}},"type":"cond-expr","locations":[{"start":{"line":51,"column":65},"end":{"line":51,"column":72}},{"start":{"line":51,"column":75},"end":{"line":51,"column":85}}],"line":51}},"s":{"0":4,"1":0,"2":4,"3":4,"4":4,"5":0,"6":0,"7":4,"8":4,"9":1,"10":3,"11":0,"12":4,"13":4,"14":4,"15":3,"16":3,"17":3,"18":3,"19":4,"20":4,"21":4,"22":3,"23":3,"24":3},"f":{"0":4,"1":4,"2":0,"3":4,"4":0,"5":4,"6":4,"7":4},"b":{"0":[0,4],"1":[1,3],"2":[0,4],"3":[0,4],"4":[4,1],"5":[4,1],"6":[4,1],"7":[0,4],"8":[0,4],"9":[0,4]},"_coverageSchema":"1a1c01bbd47fc00a2c39e90264f33305004495a9","hash":"3b6ab3f0f26aa701f151852e03cc6dd514d1be8d"}
,"/Users/ITJG2/Documents/workspace/test/next-and-express/components/conditions/conditions.js": {"path":"/Users/ITJG2/Documents/workspace/test/next-and-express/components/conditions/conditions.js","statementMap":{"0":{"start":{"line":5,"column":4},"end":{"line":5,"column":44}},"1":{"start":{"line":5,"column":31},"end":{"line":5,"column":44}},"2":{"start":{"line":6,"column":4},"end":{"line":8,"column":5}},"3":{"start":{"line":7,"column":35},"end":{"line":7,"column":86}},"4":{"start":{"line":11,"column":0},"end":{"line":13,"column":2}},"5":{"start":{"line":15,"column":0},"end":{"line":17,"column":2}}},"fnMap":{"0":{"name":"Conditions","decl":{"start":{"line":4,"column":9},"end":{"line":4,"column":19}},"loc":{"start":{"line":4,"column":30},"end":{"line":9,"column":1}},"line":4},"1":{"name":"(anonymous_1)","decl":{"start":{"line":7,"column":17},"end":{"line":7,"column":18}},"loc":{"start":{"line":7,"column":35},"end":{"line":7,"column":86}},"line":7}},"branchMap":{"0":{"loc":{"start":{"line":5,"column":4},"end":{"line":5,"column":44}},"type":"if","locations":[{"start":{"line":5,"column":4},"end":{"line":5,"column":44}},{"start":{"line":5,"column":4},"end":{"line":5,"column":44}}],"line":5},"1":{"loc":{"start":{"line":5,"column":8},"end":{"line":5,"column":29}},"type":"binary-expr","locations":[{"start":{"line":5,"column":8},"end":{"line":5,"column":13}},{"start":{"line":5,"column":17},"end":{"line":5,"column":29}}],"line":5}},"s":{"0":3,"1":1,"2":2,"3":2,"4":2,"5":2},"f":{"0":3,"1":2},"b":{"0":[1,2],"1":[3,3]},"_coverageSchema":"1a1c01bbd47fc00a2c39e90264f33305004495a9","hash":"06ef548c87b5b2407085ec2d4d8f02726ae5b9b7"}
,"/Users/ITJG2/Documents/workspace/test/next-and-express/components/generic/message.js": {"path":"/Users/ITJG2/Documents/workspace/test/next-and-express/components/generic/message.js","statementMap":{"0":{"start":{"line":7,"column":4},"end":{"line":7,"column":22}},"1":{"start":{"line":7,"column":15},"end":{"line":7,"column":22}},"2":{"start":{"line":8,"column":4},"end":{"line":8,"column":30}},"3":{"start":{"line":11,"column":12},"end":{"line":17,"column":1}},"4":{"start":{"line":19,"column":0},"end":{"line":21,"column":2}}},"fnMap":{"0":{"name":"Message","decl":{"start":{"line":6,"column":24},"end":{"line":6,"column":31}},"loc":{"start":{"line":6,"column":42},"end":{"line":9,"column":1}},"line":6}},"branchMap":{"0":{"loc":{"start":{"line":7,"column":4},"end":{"line":7,"column":22}},"type":"if","locations":[{"start":{"line":7,"column":4},"end":{"line":7,"column":22}},{"start":{"line":7,"column":4},"end":{"line":7,"column":22}}],"line":7}},"s":{"0":2,"1":0,"2":2,"3":2,"4":2},"f":{"0":2},"b":{"0":[0,2]},"_coverageSchema":"1a1c01bbd47fc00a2c39e90264f33305004495a9","hash":"b3310956fa988017ac93e540f0af5378a181f67a"}
,"/Users/ITJG2/Documents/workspace/test/next-and-express/components/generic/spinner.js": {"path":"/Users/ITJG2/Documents/workspace/test/next-and-express/components/generic/spinner.js","statementMap":{"0":{"start":{"line":5,"column":16},"end":{"line":18,"column":1}},"1":{"start":{"line":6,"column":2},"end":{"line":17,"column":8}},"2":{"start":{"line":19,"column":12},"end":{"line":26,"column":1}},"3":{"start":{"line":28,"column":22},"end":{"line":59,"column":1}}},"fnMap":{"0":{"name":"(anonymous_0)","decl":{"start":{"line":5,"column":16},"end":{"line":5,"column":17}},"loc":{"start":{"line":6,"column":2},"end":{"line":17,"column":8}},"line":6}},"branchMap":{},"s":{"0":2,"1":1,"2":2,"3":2},"f":{"0":1},"b":{},"_coverageSchema":"1a1c01bbd47fc00a2c39e90264f33305004495a9","hash":"1827a54d439680a5e5bd7aed0bedda2c90520768"}
,"/Users/ITJG2/Documents/workspace/test/next-and-express/components/layouts/main.js": {"path":"/Users/ITJG2/Documents/workspace/test/next-and-express/components/layouts/main.js","statementMap":{"0":{"start":{"line":7,"column":19},"end":{"line":22,"column":1}},"1":{"start":{"line":8,"column":2},"end":{"line":21,"column":4}},"2":{"start":{"line":25,"column":20},"end":{"line":35,"column":1}},"3":{"start":{"line":38,"column":16},"end":{"line":41,"column":1}},"4":{"start":{"line":43,"column":16},"end":{"line":50,"column":1}},"5":{"start":{"line":53,"column":0},"end":{"line":55,"column":2}},"6":{"start":{"line":57,"column":0},"end":{"line":59,"column":2}}},"fnMap":{"0":{"name":"(anonymous_0)","decl":{"start":{"line":7,"column":19},"end":{"line":7,"column":20}},"loc":{"start":{"line":7,"column":44},"end":{"line":22,"column":1}},"line":7}},"branchMap":{},"s":{"0":1,"1":1,"2":1,"3":1,"4":1,"5":1,"6":1},"f":{"0":1},"b":{},"_coverageSchema":"1a1c01bbd47fc00a2c39e90264f33305004495a9","hash":"37bc0ee860b4af761479dd74bb497b479c8ad180"}
,"/Users/ITJG2/Documents/workspace/test/next-and-express/constants/content.js": {"path":"/Users/ITJG2/Documents/workspace/test/next-and-express/constants/content.js","statementMap":{"0":{"start":{"line":1,"column":29},"end":{"line":1,"column":53}},"1":{"start":{"line":2,"column":27},"end":{"line":2,"column":44}},"2":{"start":{"line":3,"column":21},"end":{"line":3,"column":28}},"3":{"start":{"line":4,"column":29},"end":{"line":4,"column":44}}},"fnMap":{},"branchMap":{},"s":{"0":3,"1":3,"2":3,"3":3},"f":{},"b":{},"_coverageSchema":"1a1c01bbd47fc00a2c39e90264f33305004495a9","hash":"555c254a3f40c0c8c1247d4b1c663450c2476ec8"}
,"/Users/ITJG2/Documents/workspace/test/next-and-express/constants/properties.js": {"path":"/Users/ITJG2/Documents/workspace/test/next-and-express/constants/properties.js","statementMap":{"0":{"start":{"line":1,"column":26},"end":{"line":1,"column":60}},"1":{"start":{"line":2,"column":27},"end":{"line":2,"column":45}}},"fnMap":{},"branchMap":{},"s":{"0":3,"1":3},"f":{},"b":{},"_coverageSchema":"1a1c01bbd47fc00a2c39e90264f33305004495a9","hash":"8f1cdeac13eecb42d56040c38e6b275a3fd9af59"}
,"/Users/ITJG2/Documents/workspace/test/next-and-express/constants/styles.js": {"path":"/Users/ITJG2/Documents/workspace/test/next-and-express/constants/styles.js","statementMap":{"0":{"start":{"line":1,"column":23},"end":{"line":1,"column":43}},"1":{"start":{"line":2,"column":22},"end":{"line":6,"column":1}},"2":{"start":{"line":7,"column":21},"end":{"line":7,"column":64}}},"fnMap":{},"branchMap":{},"s":{"0":5,"1":5,"2":5},"f":{},"b":{},"_coverageSchema":"1a1c01bbd47fc00a2c39e90264f33305004495a9","hash":"a10687b899b7fe59754057a933d03621ef70a20f"}
,"/Users/ITJG2/Documents/workspace/test/next-and-express/constants/types.js": {"path":"/Users/ITJG2/Documents/workspace/test/next-and-express/constants/types.js","statementMap":{"0":{"start":{"line":2,"column":30},"end":{"line":2,"column":46}},"1":{"start":{"line":3,"column":21},"end":{"line":3,"column":28}},"2":{"start":{"line":4,"column":21},"end":{"line":4,"column":28}}},"fnMap":{},"branchMap":{},"s":{"0":1,"1":1,"2":1},"f":{},"b":{},"_coverageSchema":"1a1c01bbd47fc00a2c39e90264f33305004495a9","hash":"dc75378cb28ad0e0d74fff2ed05b7cb1be032886"}
,"/Users/ITJG2/Documents/workspace/test/next-and-express/pages/index.js": {"path":"/Users/ITJG2/Documents/workspace/test/next-and-express/pages/index.js","statementMap":{"0":{"start":{"line":13,"column":21},"end":{"line":13,"column":34}},"1":{"start":{"line":14,"column":4},"end":{"line":16,"column":10}},"2":{"start":{"line":15,"column":8},"end":{"line":15,"column":33}},"3":{"start":{"line":17,"column":23},"end":{"line":17,"column":61}},"4":{"start":{"line":17,"column":44},"end":{"line":17,"column":60}},"5":{"start":{"line":18,"column":18},"end":{"line":18,"column":51}},"6":{"start":{"line":18,"column":39},"end":{"line":18,"column":50}},"7":{"start":{"line":21,"column":4},"end":{"line":23,"column":5}},"8":{"start":{"line":22,"column":8},"end":{"line":22,"column":49}},"9":{"start":{"line":25,"column":4},"end":{"line":27,"column":5}},"10":{"start":{"line":26,"column":8},"end":{"line":26,"column":33}},"11":{"start":{"line":29,"column":4},"end":{"line":33,"column":5}}},"fnMap":{"0":{"name":"Index","decl":{"start":{"line":12,"column":9},"end":{"line":12,"column":14}},"loc":{"start":{"line":12,"column":17},"end":{"line":34,"column":1}},"line":12},"1":{"name":"(anonymous_1)","decl":{"start":{"line":14,"column":14},"end":{"line":14,"column":15}},"loc":{"start":{"line":14,"column":20},"end":{"line":16,"column":5}},"line":14},"2":{"name":"(anonymous_2)","decl":{"start":{"line":17,"column":35},"end":{"line":17,"column":36}},"loc":{"start":{"line":17,"column":44},"end":{"line":17,"column":60}},"line":17},"3":{"name":"(anonymous_3)","decl":{"start":{"line":18,"column":30},"end":{"line":18,"column":31}},"loc":{"start":{"line":18,"column":39},"end":{"line":18,"column":50}},"line":18}},"branchMap":{"0":{"loc":{"start":{"line":21,"column":4},"end":{"line":23,"column":5}},"type":"if","locations":[{"start":{"line":21,"column":4},"end":{"line":23,"column":5}},{"start":{"line":21,"column":4},"end":{"line":23,"column":5}}],"line":21},"1":{"loc":{"start":{"line":25,"column":4},"end":{"line":27,"column":5}},"type":"if","locations":[{"start":{"line":25,"column":4},"end":{"line":27,"column":5}},{"start":{"line":25,"column":4},"end":{"line":27,"column":5}}],"line":25}},"s":{"0":3,"1":3,"2":2,"3":3,"4":1,"5":3,"6":1,"7":3,"8":1,"9":2,"10":1,"11":1},"f":{"0":3,"1":2,"2":1,"3":1},"b":{"0":[1,2],"1":[1,1]},"_coverageSchema":"1a1c01bbd47fc00a2c39e90264f33305004495a9","hash":"0a86fe43e4a3fb37295e7a90a4949bbc81791804"}
,"/Users/ITJG2/Documents/workspace/test/next-and-express/redux/actions.js": {"path":"/Users/ITJG2/Documents/workspace/test/next-and-express/redux/actions.js","statementMap":{"0":{"start":{"line":4,"column":29},"end":{"line":19,"column":1}},"1":{"start":{"line":4,"column":35},"end":{"line":19,"column":1}},"2":{"start":{"line":7,"column":20},"end":{"line":7,"column":49}},"3":{"start":{"line":8,"column":2},"end":{"line":8,"column":33}},"4":{"start":{"line":9,"column":2},"end":{"line":18,"column":7}},"5":{"start":{"line":11,"column":6},"end":{"line":11,"column":77}},"6":{"start":{"line":11,"column":38},"end":{"line":11,"column":75}},"7":{"start":{"line":14,"column":6},"end":{"line":14,"column":74}},"8":{"start":{"line":17,"column":6},"end":{"line":17,"column":37}}},"fnMap":{"0":{"name":"(anonymous_0)","decl":{"start":{"line":4,"column":29},"end":{"line":4,"column":30}},"loc":{"start":{"line":4,"column":35},"end":{"line":19,"column":1}},"line":4},"1":{"name":"(anonymous_1)","decl":{"start":{"line":4,"column":35},"end":{"line":4,"column":36}},"loc":{"start":{"line":4,"column":49},"end":{"line":19,"column":1}},"line":4},"2":{"name":"(anonymous_2)","decl":{"start":{"line":10,"column":10},"end":{"line":10,"column":11}},"loc":{"start":{"line":11,"column":6},"end":{"line":11,"column":77}},"line":11},"3":{"name":"(anonymous_3)","decl":{"start":{"line":11,"column":27},"end":{"line":11,"column":28}},"loc":{"start":{"line":11,"column":38},"end":{"line":11,"column":75}},"line":11},"4":{"name":"(anonymous_4)","decl":{"start":{"line":13,"column":10},"end":{"line":13,"column":11}},"loc":{"start":{"line":13,"column":19},"end":{"line":15,"column":5}},"line":13},"5":{"name":"(anonymous_5)","decl":{"start":{"line":16,"column":11},"end":{"line":16,"column":12}},"loc":{"start":{"line":16,"column":17},"end":{"line":18,"column":5}},"line":16}},"branchMap":{"0":{"loc":{"start":{"line":7,"column":20},"end":{"line":7,"column":49}},"type":"binary-expr","locations":[{"start":{"line":7,"column":20},"end":{"line":7,"column":35}},{"start":{"line":7,"column":39},"end":{"line":7,"column":49}}],"line":7},"1":{"loc":{"start":{"line":11,"column":52},"end":{"line":11,"column":73}},"type":"binary-expr","locations":[{"start":{"line":11,"column":52},"end":{"line":11,"column":67}},{"start":{"line":11,"column":71},"end":{"line":11,"column":73}}],"line":11}},"s":{"0":1,"1":2,"2":0,"3":0,"4":0,"5":0,"6":0,"7":0,"8":0},"f":{"0":2,"1":0,"2":0,"3":0,"4":0,"5":0},"b":{"0":[0,0],"1":[0,0]},"_coverageSchema":"1a1c01bbd47fc00a2c39e90264f33305004495a9","hash":"aa3f84646863c86e93378fb26df3c9a9dcd9d30a"}
}
