TN:
SF:components/conditions/card.js
FN:9,Card
FN:13,(anonymous_1)
FN:14,(anonymous_2)
FN:16,(anonymous_3)
FN:18,(anonymous_4)
FN:49,(anonymous_5)
FN:50,(anonymous_6)
FN:51,(anonymous_7)
FNF:8
FNH:6
FNDA:4,Card
FNDA:4,(anonymous_1)
FNDA:0,(anonymous_2)
FNDA:4,(anonymous_3)
FNDA:0,(anonymous_4)
FNDA:4,(anonymous_5)
FNDA:4,(anonymous_6)
FNDA:4,(anonymous_7)
DA:10,4
DA:11,4
DA:13,4
DA:14,4
DA:16,4
DA:17,4
DA:18,3
DA:20,4
DA:21,4
DA:22,4
DA:32,3
DA:35,3
DA:42,3
DA:47,3
DA:49,4
DA:50,4
DA:51,4
DA:55,3
DA:63,3
DA:67,3
LF:20
LH:20
BRDA:10,0,0,0
BRDA:10,0,1,4
BRDA:17,1,0,1
BRDA:17,1,1,3
BRDA:20,2,0,0
BRDA:20,2,1,4
BRDA:21,3,0,0
BRDA:21,3,1,4
BRDA:24,4,0,4
BRDA:24,4,1,1
BRDA:25,5,0,4
BRDA:25,5,1,1
BRDA:26,6,0,4
BRDA:26,6,1,1
BRDA:49,7,0,0
BRDA:49,7,1,4
BRDA:50,8,0,0
BRDA:50,8,1,4
BRDA:51,9,0,0
BRDA:51,9,1,4
BRF:20
BRH:14
end_of_record
TN:
SF:components/conditions/conditions.js
FN:4,Conditions
FN:7,(anonymous_1)
FNF:2
FNH:2
FNDA:3,Conditions
FNDA:2,(anonymous_1)
DA:5,3
DA:6,2
DA:7,2
DA:11,2
DA:15,2
LF:5
LH:5
BRDA:5,0,0,1
BRDA:5,0,1,2
BRDA:5,1,0,3
BRDA:5,1,1,3
BRF:4
BRH:4
end_of_record
TN:
SF:components/generic/message.js
FN:6,Message
FNF:1
FNH:1
FNDA:2,Message
DA:7,2
DA:8,2
DA:11,2
DA:19,2
LF:4
LH:4
BRDA:7,0,0,0
BRDA:7,0,1,2
BRF:2
BRH:1
end_of_record
TN:
SF:components/generic/spinner.js
FN:5,(anonymous_0)
FNF:1
FNH:1
FNDA:1,(anonymous_0)
DA:5,2
DA:6,1
DA:19,2
DA:28,2
LF:4
LH:4
BRF:0
BRH:0
end_of_record
TN:
SF:components/layouts/main.js
FN:7,(anonymous_0)
FNF:1
FNH:1
FNDA:1,(anonymous_0)
DA:7,1
DA:8,1
DA:25,1
DA:38,1
DA:43,1
DA:53,1
DA:57,1
LF:7
LH:7
BRF:0
BRH:0
end_of_record
TN:
SF:constants/content.js
FNF:0
FNH:0
DA:1,3
DA:2,3
DA:3,3
DA:4,3
LF:4
LH:4
BRF:0
BRH:0
end_of_record
TN:
SF:constants/properties.js
FNF:0
FNH:0
DA:1,3
DA:2,3
LF:2
LH:2
BRF:0
BRH:0
end_of_record
TN:
SF:constants/styles.js
FNF:0
FNH:0
DA:1,5
DA:2,5
DA:7,5
LF:3
LH:3
BRF:0
BRH:0
end_of_record
TN:
SF:constants/types.js
FNF:0
FNH:0
DA:2,1
DA:3,1
DA:4,1
LF:3
LH:3
BRF:0
BRH:0
end_of_record
TN:
SF:pages/index.js
FN:12,Index
FN:14,(anonymous_1)
FN:17,(anonymous_2)
FN:18,(anonymous_3)
FNF:4
FNH:4
FNDA:3,Index
FNDA:2,(anonymous_1)
FNDA:1,(anonymous_2)
FNDA:1,(anonymous_3)
DA:13,3
DA:14,3
DA:15,2
DA:17,3
DA:18,3
DA:21,3
DA:22,1
DA:25,2
DA:26,1
DA:29,1
LF:10
LH:10
BRDA:21,0,0,1
BRDA:21,0,1,2
BRDA:25,1,0,1
BRDA:25,1,1,1
BRF:4
BRH:4
end_of_record
TN:
SF:redux/actions.js
FN:4,(anonymous_0)
FN:4,(anonymous_1)
FN:10,(anonymous_2)
FN:11,(anonymous_3)
FN:13,(anonymous_4)
FN:16,(anonymous_5)
FNF:6
FNH:1
FNDA:2,(anonymous_0)
FNDA:0,(anonymous_1)
FNDA:0,(anonymous_2)
FNDA:0,(anonymous_3)
FNDA:0,(anonymous_4)
FNDA:0,(anonymous_5)
DA:4,2
DA:7,0
DA:8,0
DA:9,0
DA:11,0
DA:14,0
DA:17,0
LF:7
LH:1
BRDA:7,0,0,0
BRDA:7,0,1,0
BRDA:11,1,0,0
BRDA:11,1,1,0
BRF:4
BRH:0
end_of_record
